<?xml version="1.0" encoding="UTF-8"?>
<!-- Generated by org.testng.reporters.JUnitReportReporter -->
<testsuite hostname="BCS17564" failures="0" tests="1" name="cl.bcs.application.suite.execute.RVExecute$ExtentReportsClass" time="49.897" errors="1" timestamp="2019-11-05T12:41:36 CLST" skipped="0">
  <testcase classname="cl.bcs.application.suite.execute.RVExecute$ExtentReportsClass" name="variacion1" time="49.897">
    <error type="java.lang.NullPointerException">
      <![CDATA[java.lang.NullPointerException
at cl.bcs.custodia.ConsultarCustodia.custodia(ConsultarCustodia.java:68)
at cl.bcs.application.suite.RV.suiteRV(RV.java:42)
at cl.bcs.application.suite.execute.RVExecute$ExtentReportsClass.variacion1(RVExecute.java:43)
at java.base/jdk.internal.reflect.NativeMethodAccessorImpl.invoke0(Native Method)
at java.base/jdk.internal.reflect.NativeMethodAccessorImpl.invoke(NativeMethodAccessorImpl.java:62)
at java.base/jdk.internal.reflect.DelegatingMethodAccessorImpl.invoke(DelegatingMethodAccessorImpl.java:43)
at java.base/java.lang.reflect.Method.invoke(Method.java:566)
at org.testng.internal.MethodInvocationHelper.invokeMethod(MethodInvocationHelper.java:133)
at org.testng.internal.TestInvoker.invokeMethod(TestInvoker.java:584)
at org.testng.internal.TestInvoker.invokeTestMethod(TestInvoker.java:172)
at org.testng.internal.MethodRunner.runInSequence(MethodRunner.java:46)
at org.testng.internal.TestInvoker$MethodInvocationAgent.invoke(TestInvoker.java:804)
at org.testng.internal.TestInvoker.invokeTestMethods(TestInvoker.java:145)
at org.testng.internal.TestMethodWorker.invokeTestMethods(TestMethodWorker.java:146)
at org.testng.internal.TestMethodWorker.run(TestMethodWorker.java:128)
at java.base/java.util.concurrent.ThreadPoolExecutor.runWorker(ThreadPoolExecutor.java:1128)
at java.base/java.util.concurrent.ThreadPoolExecutor$Worker.run(ThreadPoolExecutor.java:628)
at java.base/java.lang.Thread.run(Thread.java:834)
]]>
    </error>
  </testcase> <!-- variacion1 -->
</testsuite> <!-- cl.bcs.application.suite.execute.RVExecute$ExtentReportsClass -->
