<?xml version="1.0" encoding="UTF-8"?>
<!-- Generated by org.testng.reporters.JUnitReportReporter -->
<testsuite hostname="BCS17563" failures="0" tests="1" name="cl.bcs.optimus.application.suite.execute.exampleTest$ExtentReportsClass" time="98.841" errors="0" timestamp="10 Sep 2019 19:33:10 GMT">
  <testcase classname="cl.bcs.optimus.application.suite.execute.exampleTest$ExtentReportsClass" name="passTest" time="98.841"/>
</testsuite> <!-- cl.bcs.optimus.application.suite.execute.exampleTest$ExtentReportsClass -->
